<?xml version="1.0" encoding="UTF-8"?>
<testsuite xmlns:xsi="http://www.w3.org/2001/XMLSchema-instance" xsi:noNamespaceSchemaLocation="https://maven.apache.org/surefire/maven-surefire-plugin/xsd/surefire-test-report-3.0.xsd" version="3.0" name="com.contracttest.consumer.UserServiceClientContractTest" time="1.239" tests="1" errors="0" skipped="0" failures="0">
  <properties>
[...]
</properties>
  <testcase name="shouldGetUserById" classname="com.contracttest.consumer.UserServiceClientContractTest" time="0.058">
    <system-out><![CDATA[2026-03-16T11:10:57.250+05:30  INFO 30592 --- [consumer-api] [           main] t.c.s.AnnotationConfigContextLoaderUtils : Could not detect default configuration classes for test class [com.contracttest.consumer.UserServiceClientContractTest]: UserServiceClientContractTest does not declare any static, non-private, non-final, nested classes annotated with @Configuration.
2026-03-16T11:10:57.256+05:30  INFO 30592 --- [consumer-api] [           main] .b.t.c.SpringBootTestContextBootstrapper : Found @SpringBootConfiguration com.contracttest.consumer.ConsumerApplication for test class com.contracttest.consumer.UserServiceClientContractTest

  .   ____          _            __ _ _
 /\\ / ___'_ __ _ _(_)_ __  __ _ \ \ \ \
( ( )\___ | '_ | '_| | '_ \/ _` | \ \ \ \
 \\/  ___)| |_)| | | | | || (_| |  ) ) ) )
  '  |____| .__|_| |_|_| |_\__, | / / / /
 =========|_|==============|___/=/_/_/_/
 :: Spring Boot ::                (v3.2.5)

2026-03-16T11:10:57.274+05:30  INFO 30592 --- [consumer-api] [           main] c.c.c.UserServiceClientContractTest      : Starting UserServiceClientContractTest using Java 25.0.2 with PID 30592 (started by Druva.SKumar in C:\Projects\contract-testing-automation\consumer-api)
2026-03-16T11:10:57.274+05:30 DEBUG 30592 --- [consumer-api] [           main] c.c.c.UserServiceClientContractTest      : Running with Spring Boot v3.2.5, Spring v6.1.6
2026-03-16T11:10:57.274+05:30  INFO 30592 --- [consumer-api] [           main] c.c.c.UserServiceClientContractTest      : No active profile set, falling back to 1 default profile: "default"
2026-03-16T11:10:57.371+05:30  WARN 30592 --- [consumer-api] [           main] trationDelegate$BeanPostProcessorChecker : Bean 'org.springframework.cloud.contract.stubrunner.spring.StubRunnerConfiguration' of type [org.springframework.cloud.contract.stubrunner.spring.StubRunnerConfiguration] is not eligible for getting processed by all BeanPostProcessors (for example: not eligible for auto-proxying). The currently created BeanPostProcessor [batchStubRunnerBeanPostProcessor] is declared through a non-static factory method on that class; consider declaring it as static instead.
2026-03-16T11:10:57.373+05:30  WARN 30592 --- [consumer-api] [           main] trationDelegate$BeanPostProcessorChecker : Bean 'stubrunner-org.springframework.cloud.contract.stubrunner.spring.StubRunnerProperties' of type [org.springframework.cloud.contract.stubrunner.spring.StubRunnerProperties] is not eligible for getting processed by all BeanPostProcessors (for example: not eligible for auto-proxying). Is this bean getting eagerly injected into a currently created BeanPostProcessor [batchStubRunnerBeanPostProcessor]? Check the corresponding BeanPostProcessor declaration and its dependencies.
2026-03-16T11:10:57.376+05:30  INFO 30592 --- [consumer-api] [           main] o.s.c.c.s.AetherStubDownloaderBuilder    : Will download stubs and contracts via Aether
2026-03-16T11:10:57.390+05:30  INFO 30592 --- [consumer-api] [           main] o.s.c.c.stubrunner.AetherStubDownloader  : Remote repos not passed but the switch to work offline was set. Stubs will be used from your local Maven repository.
2026-03-16T11:10:57.448+05:30  INFO 30592 --- [consumer-api] [           main] o.s.c.c.stubrunner.AetherStubDownloader  : Desired version is [+] - will try to resolve the latest version
2026-03-16T11:10:57.456+05:30  INFO 30592 --- [consumer-api] [           main] o.s.c.c.stubrunner.AetherStubDownloader  : Resolved version is [1.0.0-SNAPSHOT]
2026-03-16T11:10:57.462+05:30  INFO 30592 --- [consumer-api] [           main] o.s.c.c.stubrunner.AetherStubDownloader  : Resolved artifact [com.contracttest:provider-api:jar:stubs:1.0.0-SNAPSHOT] to C:\Users\Druva.SKumar\.m2\repository\com\contracttest\provider-api\1.0.0-SNAPSHOT\provider-api-1.0.0-SNAPSHOT-stubs.jar
2026-03-16T11:10:57.463+05:30  INFO 30592 --- [consumer-api] [           main] o.s.c.c.stubrunner.AetherStubDownloader  : Unpacking stub from JAR [URI: file:/C:/Users/Druva.SKumar/.m2/repository/com/contracttest/provider-api/1.0.0-SNAPSHOT/provider-api-1.0.0-SNAPSHOT-stubs.jar]
2026-03-16T11:10:57.472+05:30  INFO 30592 --- [consumer-api] [           main] o.s.c.c.stubrunner.AetherStubDownloader  : Unpacked file to [C:\Users\DRUVA~1.SKU\AppData\Local\Temp\contracts-1773639657462-0]
2026-03-16T11:10:58.198+05:30  INFO 30592 --- [consumer-api] [qtp930610244-69] WireMock                                 : Admin request received:
127.0.0.1 - POST /mappings

Host: []
Content-Length: [236]
Content-Type: [text/plain; charset=UTF-8]
Connection: [keep-alive]
User-Agent: [Apache-HttpClient/5.1.3 (Java/25.0.2)]
{
  "id" : "4619a037-7f19-41f9-b415-51ee048723aa",
  "request" : {
    "url" : "/ping",
    "method" : "GET"
  },
  "response" : {
    "status" : 200,
    "body" : "OK"
  },
  "uuid" : "4619a037-7f19-41f9-b415-51ee048723aa"
}

2026-03-16T11:10:58.211+05:30  INFO 30592 --- [consumer-api] [qtp930610244-63] WireMock                                 : Admin request received:
127.0.0.1 - POST /mappings

Host: []
Content-Length: [238]
Content-Type: [text/plain; charset=UTF-8]
Connection: [keep-alive]
User-Agent: [Apache-HttpClient/5.1.3 (Java/25.0.2)]
{
  "id" : "fb139338-cf40-4d89-91a5-db1a96bed6c6",
  "request" : {
    "url" : "/health",
    "method" : "GET"
  },
  "response" : {
    "status" : 200,
    "body" : "OK"
  },
  "uuid" : "fb139338-cf40-4d89-91a5-db1a96bed6c6"
}

2026-03-16T11:10:58.220+05:30  INFO 30592 --- [consumer-api] [qtp930610244-68] WireMock                                 : Admin request received:
127.0.0.1 - POST /mappings

Host: []
Content-Length: [816]
Content-Type: [text/plain; charset=UTF-8]
Connection: [keep-alive]
User-Agent: [Apache-HttpClient/5.1.3 (Java/25.0.2)]
{
  "id" : "85786b59-eaaa-445a-b7e7-be892362b59d",
  "request" : {
    "urlPath" : "/api/users",
    "method" : "POST",
    "headers" : {
      "Content-Type" : {
        "equalTo" : "application/json"
      }
    },
    "bodyPatterns" : [ {
      "matchesJsonPath" : "$[?(@.['name'] == 'Dave Wilson')]"
    }, {
      "matchesJsonPath" : "$[?(@.['email'] == 'dave@example.com')]"
    }, {
      "matchesJsonPath" : "$[?(@.['role'] == 'USER')]"
    } ]
  },
  "response" : {
    "status" : 201,
    "body" : "{\"id\":4,\"name\":\"Dave Wilson\",\"email\":\"dave@example.com\",\"role\":\"USER\"}",
    "headers" : {
      "Content-Type" : "application/json"
    },
    "transformers" : [ "response-template", "spring-cloud-contract" ]
  },
  "uuid" : "85786b59-eaaa-445a-b7e7-be892362b59d"
}

2026-03-16T11:10:58.224+05:30  INFO 30592 --- [consumer-api] [qtp930610244-67] WireMock                                 : Admin request received:
127.0.0.1 - POST /mappings

Host: []
Content-Length: [650]
Content-Type: [text/plain; charset=UTF-8]
Connection: [keep-alive]
User-Agent: [Apache-HttpClient/5.1.3 (Java/25.0.2)]
{
  "id" : "8841f906-4a05-461e-87a4-4492e9d32fd7",
  "request" : {
    "urlPath" : "/api/users",
    "method" : "GET"
  },
  "response" : {
    "status" : 200,
    "body" : "[{\"id\":1,\"name\":\"Alice Johnson\",\"email\":\"alice@example.com\",\"role\":\"ADMIN\"},{\"id\":2,\"name\":\"Bob Smith\",\"email\":\"bob@example.com\",\"role\":\"USER\"},{\"id\":3,\"name\":\"Charlie Brown\",\"email\":\"charlie@example.com\",\"role\":\"MANAGER\"}]",
    "headers" : {
      "Content-Type" : "application/json"
    },
    "transformers" : [ "response-template", "spring-cloud-contract" ]
  },
  "uuid" : "8841f906-4a05-461e-87a4-4492e9d32fd7"
}

2026-03-16T11:10:58.227+05:30  INFO 30592 --- [consumer-api] [qtp930610244-68] WireMock                                 : Admin request received:
127.0.0.1 - POST /mappings

Host: []
Content-Length: [475]
Content-Type: [text/plain; charset=UTF-8]
Connection: [keep-alive]
User-Agent: [Apache-HttpClient/5.1.3 (Java/25.0.2)]
{
  "id" : "0d9ac5ca-65f0-403f-bb79-f48648fdd324",
  "request" : {
    "urlPath" : "/api/users/1",
    "method" : "GET"
  },
  "response" : {
    "status" : 200,
    "body" : "{\"id\":1,\"name\":\"Alice Johnson\",\"email\":\"alice@example.com\",\"role\":\"ADMIN\"}",
    "headers" : {
      "Content-Type" : "application/json"
    },
    "transformers" : [ "response-template", "spring-cloud-contract" ]
  },
  "uuid" : "0d9ac5ca-65f0-403f-bb79-f48648fdd324"
}

2026-03-16T11:10:58.229+05:30  INFO 30592 --- [consumer-api] [           main] o.s.c.contract.stubrunner.StubServer     : Started stub server for project [com.contracttest:provider-api:1.0.0-SNAPSHOT:stubs] on port 8080 with [3] mappings
2026-03-16T11:10:58.230+05:30  INFO 30592 --- [consumer-api] [           main] o.s.c.c.stubrunner.StubRunnerExecutor    : All stubs are now running RunningStubs [namesAndPorts={com.contracttest:provider-api:1.0.0-SNAPSHOT:stubs=8080}]
2026-03-16T11:10:58.230+05:30  WARN 30592 --- [consumer-api] [           main] trationDelegate$BeanPostProcessorChecker : Bean 'batchStubRunner' of type [org.springframework.cloud.contract.stubrunner.BatchStubRunner] is not eligible for getting processed by all BeanPostProcessors (for example: not eligible for auto-proxying). Is this bean getting eagerly injected into a currently created BeanPostProcessor [batchStubRunnerBeanPostProcessor]? Check the corresponding BeanPostProcessor declaration and its dependencies.
2026-03-16T11:10:58.236+05:30 DEBUG 30592 --- [consumer-api] [           main] c.c.consumer.service.OrderService        : Created order #1 for userId 1
2026-03-16T11:10:58.237+05:30 DEBUG 30592 --- [consumer-api] [           main] c.c.consumer.client.UserServiceClient    : Calling Provider API: GET http://localhost:8080/api/users/1
2026-03-16T11:10:58.237+05:30 DEBUG 30592 --- [consumer-api] [           main] o.s.web.client.RestTemplate              : HTTP GET http://localhost:8080/api/users/1
2026-03-16T11:10:58.238+05:30 DEBUG 30592 --- [consumer-api] [           main] o.s.web.client.RestTemplate              : Accept=[application/json, application/*+json]
2026-03-16T11:10:58.286+05:30  INFO 30592 --- [consumer-api] [qtp930610244-67] WireMock                                 : Request received:
127.0.0.1 - GET /api/users/1

Accept: [application/json, application/*+json]
User-Agent: [Java/25.0.2]
Host: [localhost:8080]
Connection: [keep-alive]



Matched response definition:
{
  "status" : 200,
  "body" : "{\"id\":1,\"name\":\"Alice Johnson\",\"email\":\"alice@example.com\",\"role\":\"ADMIN\"}",
  "headers" : {
    "Content-Type" : "application/json"
  },
  "transformers" : [ "response-template", "spring-cloud-contract" ]
}

Response:
HTTP/1.1 200
Content-Type: [application/json]
Matched-Stub-Id: [0d9ac5ca-65f0-403f-bb79-f48648fdd324]

2026-03-16T11:10:58.289+05:30 DEBUG 30592 --- [consumer-api] [           main] o.s.web.client.RestTemplate              : Response 200 OK
2026-03-16T11:10:58.290+05:30 DEBUG 30592 --- [consumer-api] [           main] o.s.web.client.RestTemplate              : Reading to [com.contracttest.consumer.model.UserDTO]
2026-03-16T11:10:58.296+05:30 DEBUG 30592 --- [consumer-api] [           main] c.c.consumer.client.UserServiceClient    : Received user from Provider: UserDTO{id=1, name='Alice Johnson', email='alice@example.com', role='ADMIN'}
2026-03-16T11:10:58.297+05:30 DEBUG 30592 --- [consumer-api] [           main] c.c.consumer.service.OrderService        : Created order #2 for userId 2
2026-03-16T11:10:58.297+05:30 DEBUG 30592 --- [consumer-api] [           main] c.c.consumer.client.UserServiceClient    : Calling Provider API: GET http://localhost:8080/api/users/2
2026-03-16T11:10:58.297+05:30 DEBUG 30592 --- [consumer-api] [           main] o.s.web.client.RestTemplate              : HTTP GET http://localhost:8080/api/users/2
2026-03-16T11:10:58.297+05:30 DEBUG 30592 --- [consumer-api] [           main] o.s.web.client.RestTemplate              : Accept=[application/json, application/*+json]
2026-03-16T11:10:58.300+05:30  INFO 30592 --- [consumer-api] [qtp930610244-69] WireMock                                 : Warning: JSON path expression '$[?(@.['name'] == 'Dave Wilson')]' failed to match document 'null' because of error 'json string can not be null or empty'
2026-03-16T11:10:58.300+05:30  INFO 30592 --- [consumer-api] [qtp930610244-69] WireMock                                 : Warning: JSON path expression '$[?(@.['email'] == 'dave@example.com')]' failed to match document 'null' because of error 'json string can not be null or empty'
2026-03-16T11:10:58.300+05:30  INFO 30592 --- [consumer-api] [qtp930610244-69] WireMock                                 : Warning: JSON path expression '$[?(@.['role'] == 'USER')]' failed to match document 'null' because of error 'json string can not be null or empty'
2026-03-16T11:10:58.301+05:30  INFO 30592 --- [consumer-api] [qtp930610244-69] WireMock                                 : Request received:
127.0.0.1 - GET /api/users/2

Accept: [application/json, application/*+json]
User-Agent: [Java/25.0.2]
Host: [localhost:8080]
Connection: [keep-alive]



Matched response definition:
(no response definition configured)

Response:
HTTP/1.1 404
(no headers)

2026-03-16T11:10:58.310+05:30  INFO 30592 --- [consumer-api] [qtp930610244-69] WireMock                                 : Admin request received:
127.0.0.1 - GET /not-matched

Accept: [application/json, application/*+json]
User-Agent: [Java/25.0.2]
Host: [localhost:8080]
Connection: [keep-alive]


2026-03-16T11:10:58.313+05:30  INFO 30592 --- [consumer-api] [qtp930610244-69] WireMock                                 : Warning: JSON path expression '$[?(@.['name'] == 'Dave Wilson')]' failed to match document 'null' because of error 'json string can not be null or empty'
2026-03-16T11:10:58.314+05:30  INFO 30592 --- [consumer-api] [qtp930610244-69] WireMock                                 : Warning: JSON path expression '$[?(@.['email'] == 'dave@example.com')]' failed to match document 'null' because of error 'json string can not be null or empty'
2026-03-16T11:10:58.314+05:30  INFO 30592 --- [consumer-api] [qtp930610244-69] WireMock                                 : Warning: JSON path expression '$[?(@.['role'] == 'USER')]' failed to match document 'null' because of error 'json string can not be null or empty'
2026-03-16T11:10:58.316+05:30 ERROR 30592 --- [consumer-api] [qtp930610244-69] WireMock                                 : 
                                               Request was not matched
                                               =======================

-----------------------------------------------------------------------------------------------------------------------
| Closest stub                                             | Request                                                  |
-----------------------------------------------------------------------------------------------------------------------
                                                           |
GET                                                        | GET
[path] /api/users/1                                        | /api/users/2                                        <<<<< URL does not match
                                                           |
                                                           |
-----------------------------------------------------------------------------------------------------------------------

2026-03-16T11:10:58.316+05:30 DEBUG 30592 --- [consumer-api] [           main] o.s.web.client.RestTemplate              : Response 404 NOT_FOUND
2026-03-16T11:10:58.320+05:30  WARN 30592 --- [consumer-api] [           main] c.c.consumer.client.UserServiceClient    : User not found at Provider: userId=2
2026-03-16T11:10:58.320+05:30 DEBUG 30592 --- [consumer-api] [           main] c.c.consumer.service.OrderService        : Created order #3 for userId 1
2026-03-16T11:10:58.320+05:30 DEBUG 30592 --- [consumer-api] [           main] c.c.consumer.client.UserServiceClient    : Calling Provider API: GET http://localhost:8080/api/users/1
2026-03-16T11:10:58.320+05:30 DEBUG 30592 --- [consumer-api] [           main] o.s.web.client.RestTemplate              : HTTP GET http://localhost:8080/api/users/1
2026-03-16T11:10:58.320+05:30 DEBUG 30592 --- [consumer-api] [           main] o.s.web.client.RestTemplate              : Accept=[application/json, application/*+json]
2026-03-16T11:10:58.322+05:30  INFO 30592 --- [consumer-api] [qtp930610244-67] WireMock                                 : Request received:
127.0.0.1 - GET /api/users/1

Accept: [application/json, application/*+json]
User-Agent: [Java/25.0.2]
Host: [localhost:8080]
Connection: [keep-alive]



Matched response definition:
{
  "status" : 200,
  "body" : "{\"id\":1,\"name\":\"Alice Johnson\",\"email\":\"alice@example.com\",\"role\":\"ADMIN\"}",
  "headers" : {
    "Content-Type" : "application/json"
  },
  "transformers" : [ "response-template", "spring-cloud-contract" ]
}

Response:
HTTP/1.1 200
Content-Type: [application/json]
Matched-Stub-Id: [0d9ac5ca-65f0-403f-bb79-f48648fdd324]

2026-03-16T11:10:58.322+05:30 DEBUG 30592 --- [consumer-api] [           main] o.s.web.client.RestTemplate              : Response 200 OK
2026-03-16T11:10:58.322+05:30 DEBUG 30592 --- [consumer-api] [           main] o.s.web.client.RestTemplate              : Reading to [com.contracttest.consumer.model.UserDTO]
2026-03-16T11:10:58.322+05:30 DEBUG 30592 --- [consumer-api] [           main] c.c.consumer.client.UserServiceClient    : Received user from Provider: UserDTO{id=1, name='Alice Johnson', email='alice@example.com', role='ADMIN'}
2026-03-16T11:10:58.322+05:30 DEBUG 30592 --- [consumer-api] [           main] c.c.consumer.service.OrderService        : Created order #4 for userId 3
2026-03-16T11:10:58.322+05:30 DEBUG 30592 --- [consumer-api] [           main] c.c.consumer.client.UserServiceClient    : Calling Provider API: GET http://localhost:8080/api/users/3
2026-03-16T11:10:58.323+05:30 DEBUG 30592 --- [consumer-api] [           main] o.s.web.client.RestTemplate              : HTTP GET http://localhost:8080/api/users/3
2026-03-16T11:10:58.323+05:30 DEBUG 30592 --- [consumer-api] [           main] o.s.web.client.RestTemplate              : Accept=[application/json, application/*+json]
2026-03-16T11:10:58.324+05:30  INFO 30592 --- [consumer-api] [qtp930610244-69] WireMock                                 : Warning: JSON path expression '$[?(@.['name'] == 'Dave Wilson')]' failed to match document 'null' because of error 'json string can not be null or empty'
2026-03-16T11:10:58.324+05:30  INFO 30592 --- [consumer-api] [qtp930610244-69] WireMock                                 : Warning: JSON path expression '$[?(@.['email'] == 'dave@example.com')]' failed to match document 'null' because of error 'json string can not be null or empty'
2026-03-16T11:10:58.324+05:30  INFO 30592 --- [consumer-api] [qtp930610244-69] WireMock                                 : Warning: JSON path expression '$[?(@.['role'] == 'USER')]' failed to match document 'null' because of error 'json string can not be null or empty'
2026-03-16T11:10:58.324+05:30  INFO 30592 --- [consumer-api] [qtp930610244-69] WireMock                                 : Request received:
127.0.0.1 - GET /api/users/3

Accept: [application/json, application/*+json]
User-Agent: [Java/25.0.2]
Host: [localhost:8080]
Connection: [keep-alive]



Matched response definition:
(no response definition configured)

Response:
HTTP/1.1 404
(no headers)

2026-03-16T11:10:58.325+05:30  INFO 30592 --- [consumer-api] [qtp930610244-69] WireMock                                 : Admin request received:
127.0.0.1 - GET /not-matched

Accept: [application/json, application/*+json]
User-Agent: [Java/25.0.2]
Host: [localhost:8080]
Connection: [keep-alive]


2026-03-16T11:10:58.325+05:30  INFO 30592 --- [consumer-api] [qtp930610244-69] WireMock                                 : Warning: JSON path expression '$[?(@.['name'] == 'Dave Wilson')]' failed to match document 'null' because of error 'json string can not be null or empty'
2026-03-16T11:10:58.325+05:30  INFO 30592 --- [consumer-api] [qtp930610244-69] WireMock                                 : Warning: JSON path expression '$[?(@.['email'] == 'dave@example.com')]' failed to match document 'null' because of error 'json string can not be null or empty'
2026-03-16T11:10:58.325+05:30  INFO 30592 --- [consumer-api] [qtp930610244-69] WireMock                                 : Warning: JSON path expression '$[?(@.['role'] == 'USER')]' failed to match document 'null' because of error 'json string can not be null or empty'
2026-03-16T11:10:58.326+05:30 ERROR 30592 --- [consumer-api] [qtp930610244-69] WireMock                                 : 
                                               Request was not matched
                                               =======================

-----------------------------------------------------------------------------------------------------------------------
| Closest stub                                             | Request                                                  |
-----------------------------------------------------------------------------------------------------------------------
                                                           |
GET                                                        | GET
[path] /api/users/1                                        | /api/users/3                                        <<<<< URL does not match
                                                           |
                                                           |
-----------------------------------------------------------------------------------------------------------------------

2026-03-16T11:10:58.326+05:30 DEBUG 30592 --- [consumer-api] [           main] o.s.web.client.RestTemplate              : Response 404 NOT_FOUND
2026-03-16T11:10:58.327+05:30  WARN 30592 --- [consumer-api] [           main] c.c.consumer.client.UserServiceClient    : User not found at Provider: userId=3
2026-03-16T11:10:58.404+05:30  INFO 30592 --- [consumer-api] [           main] o.s.c.c.v.m.i.ContractVerifierMessaging  : The message verifier sender implementation is of type [class org.springframework.cloud.contract.verifier.messaging.noop.NoOpStubMessages]
2026-03-16T11:10:58.404+05:30  INFO 30592 --- [consumer-api] [           main] o.s.c.c.v.m.i.ContractVerifierMessaging  : The message verifier receiver implementation is of type [class org.springframework.cloud.contract.verifier.messaging.noop.NoOpStubMessages]
2026-03-16T11:10:58.410+05:30  INFO 30592 --- [consumer-api] [           main] c.c.c.UserServiceClientContractTest      : Started UserServiceClientContractTest in 1.151 seconds (process running for 3.248)
2026-03-16T11:10:58.415+05:30 DEBUG 30592 --- [consumer-api] [           main] c.c.consumer.client.UserServiceClient    : Calling Provider API: GET http://localhost:8080/api/users/1
2026-03-16T11:10:58.415+05:30 DEBUG 30592 --- [consumer-api] [           main] o.s.web.client.RestTemplate              : HTTP GET http://localhost:8080/api/users/1
2026-03-16T11:10:58.415+05:30 DEBUG 30592 --- [consumer-api] [           main] o.s.web.client.RestTemplate              : Accept=[application/json, application/*+json]
2026-03-16T11:10:58.417+05:30  INFO 30592 --- [consumer-api] [qtp930610244-67] WireMock                                 : Request received:
127.0.0.1 - GET /api/users/1

Accept: [application/json, application/*+json]
User-Agent: [Java/25.0.2]
Host: [localhost:8080]
Connection: [keep-alive]



Matched response definition:
{
  "status" : 200,
  "body" : "{\"id\":1,\"name\":\"Alice Johnson\",\"email\":\"alice@example.com\",\"role\":\"ADMIN\"}",
  "headers" : {
    "Content-Type" : "application/json"
  },
  "transformers" : [ "response-template", "spring-cloud-contract" ]
}

Response:
HTTP/1.1 200
Content-Type: [application/json]
Matched-Stub-Id: [0d9ac5ca-65f0-403f-bb79-f48648fdd324]

2026-03-16T11:10:58.417+05:30 DEBUG 30592 --- [consumer-api] [           main] o.s.web.client.RestTemplate              : Response 200 OK
2026-03-16T11:10:58.417+05:30 DEBUG 30592 --- [consumer-api] [           main] o.s.web.client.RestTemplate              : Reading to [com.contracttest.consumer.model.UserDTO]
2026-03-16T11:10:58.418+05:30 DEBUG 30592 --- [consumer-api] [           main] c.c.consumer.client.UserServiceClient    : Received user from Provider: UserDTO{id=1, name='Alice Johnson', email='alice@example.com', role='ADMIN'}
]]></system-out>
  </testcase>
</testsuite>