<?xml version="1.0" encoding="UTF-8"?>
<testsuite xmlns:xsi="http://www.w3.org/2001/XMLSchema-instance" xsi:noNamespaceSchemaLocation="https://maven.apache.org/surefire/maven-surefire-plugin/xsd/surefire-test-report-3.0.xsd" version="3.0" name="com.contracttest.consumer.ConsumerApplicationTests" time="2.048" tests="1" errors="0" skipped="0" failures="0">
  <properties>
[...]
</properties>
  <testcase name="contextLoads" classname="com.contracttest.consumer.ConsumerApplicationTests" time="0.411">
    <system-out><![CDATA[15:26:40.286 [main] INFO org.springframework.test.context.support.AnnotationConfigContextLoaderUtils -- Could not detect default configuration classes for test class [com.contracttest.consumer.ConsumerApplicationTests]: ConsumerApplicationTests does not declare any static, non-private, non-final, nested classes annotated with @Configuration.
15:26:40.362 [main] INFO org.springframework.boot.test.context.SpringBootTestContextBootstrapper -- Found @SpringBootConfiguration com.contracttest.consumer.ConsumerApplication for test class com.contracttest.consumer.ConsumerApplicationTests

  .   ____          _            __ _ _
 /\\ / ___'_ __ _ _(_)_ __  __ _ \ \ \ \
( ( )\___ | '_ | '_| | '_ \/ _` | \ \ \ \
 \\/  ___)| |_)| | | | | || (_| |  ) ) ) )
  '  |____| .__|_| |_|_| |_\__, | / / / /
 =========|_|==============|___/=/_/_/_/
 :: Spring Boot ::                (v3.2.5)

2026-03-16T15:26:40.660+05:30  INFO 5132 --- [consumer-api] [           main] c.c.consumer.ConsumerApplicationTests    : Starting ConsumerApplicationTests using Java 25.0.2 with PID 5132 (started by Druva.SKumar in C:\Projects\contract-testing-automation\consumer-api)
2026-03-16T15:26:40.661+05:30 DEBUG 5132 --- [consumer-api] [           main] c.c.consumer.ConsumerApplicationTests    : Running with Spring Boot v3.2.5, Spring v6.1.6
2026-03-16T15:26:40.662+05:30  INFO 5132 --- [consumer-api] [           main] c.c.consumer.ConsumerApplicationTests    : No active profile set, falling back to 1 default profile: "default"
2026-03-16T15:26:41.354+05:30 DEBUG 5132 --- [consumer-api] [           main] c.c.consumer.service.OrderService        : Created order #1 for userId 1
2026-03-16T15:26:41.355+05:30 DEBUG 5132 --- [consumer-api] [           main] c.c.consumer.client.UserServiceClient    : Calling Provider API: GET http://localhost:8080/api/users/1
2026-03-16T15:26:41.371+05:30 DEBUG 5132 --- [consumer-api] [           main] o.s.web.client.RestTemplate              : HTTP GET http://localhost:8080/api/users/1
2026-03-16T15:26:41.407+05:30 DEBUG 5132 --- [consumer-api] [           main] o.s.web.client.RestTemplate              : Accept=[application/json, application/*+json]
2026-03-16T15:26:41.424+05:30 ERROR 5132 --- [consumer-api] [           main] c.c.consumer.client.UserServiceClient    : Failed to call Provider API: I/O error on GET request for "http://localhost:8080/api/users/1": Connection refused: connect
2026-03-16T15:26:41.424+05:30 DEBUG 5132 --- [consumer-api] [           main] c.c.consumer.service.OrderService        : Created order #2 for userId 2
2026-03-16T15:26:41.424+05:30 DEBUG 5132 --- [consumer-api] [           main] c.c.consumer.client.UserServiceClient    : Calling Provider API: GET http://localhost:8080/api/users/2
2026-03-16T15:26:41.425+05:30 DEBUG 5132 --- [consumer-api] [           main] o.s.web.client.RestTemplate              : HTTP GET http://localhost:8080/api/users/2
2026-03-16T15:26:41.425+05:30 DEBUG 5132 --- [consumer-api] [           main] o.s.web.client.RestTemplate              : Accept=[application/json, application/*+json]
2026-03-16T15:26:41.425+05:30 ERROR 5132 --- [consumer-api] [           main] c.c.consumer.client.UserServiceClient    : Failed to call Provider API: I/O error on GET request for "http://localhost:8080/api/users/2": Connection refused: connect
2026-03-16T15:26:41.425+05:30 DEBUG 5132 --- [consumer-api] [           main] c.c.consumer.service.OrderService        : Created order #3 for userId 1
2026-03-16T15:26:41.425+05:30 DEBUG 5132 --- [consumer-api] [           main] c.c.consumer.client.UserServiceClient    : Calling Provider API: GET http://localhost:8080/api/users/1
2026-03-16T15:26:41.426+05:30 DEBUG 5132 --- [consumer-api] [           main] o.s.web.client.RestTemplate              : HTTP GET http://localhost:8080/api/users/1
2026-03-16T15:26:41.426+05:30 DEBUG 5132 --- [consumer-api] [           main] o.s.web.client.RestTemplate              : Accept=[application/json, application/*+json]
2026-03-16T15:26:41.427+05:30 ERROR 5132 --- [consumer-api] [           main] c.c.consumer.client.UserServiceClient    : Failed to call Provider API: I/O error on GET request for "http://localhost:8080/api/users/1": Connection refused: connect
2026-03-16T15:26:41.427+05:30 DEBUG 5132 --- [consumer-api] [           main] c.c.consumer.service.OrderService        : Created order #4 for userId 3
2026-03-16T15:26:41.427+05:30 DEBUG 5132 --- [consumer-api] [           main] c.c.consumer.client.UserServiceClient    : Calling Provider API: GET http://localhost:8080/api/users/3
2026-03-16T15:26:41.427+05:30 DEBUG 5132 --- [consumer-api] [           main] o.s.web.client.RestTemplate              : HTTP GET http://localhost:8080/api/users/3
2026-03-16T15:26:41.427+05:30 DEBUG 5132 --- [consumer-api] [           main] o.s.web.client.RestTemplate              : Accept=[application/json, application/*+json]
2026-03-16T15:26:41.428+05:30 ERROR 5132 --- [consumer-api] [           main] c.c.consumer.client.UserServiceClient    : Failed to call Provider API: I/O error on GET request for "http://localhost:8080/api/users/3": Connection refused: connect
2026-03-16T15:26:41.817+05:30  INFO 5132 --- [consumer-api] [           main] c.c.consumer.ConsumerApplicationTests    : Started ConsumerApplicationTests in 1.363 seconds (process running for 2.04)
]]></system-out>
    <system-err><![CDATA[WARNING: A Java agent has been loaded dynamically (C:\Users\Druva.SKumar\.m2\repository\net\bytebuddy\byte-buddy-agent\1.14.13\byte-buddy-agent-1.14.13.jar)
WARNING: If a serviceability tool is in use, please run with -XX:+EnableDynamicAgentLoading to hide this warning
WARNING: If a serviceability tool is not in use, please run with -Djdk.instrument.traceUsage for more information
WARNING: Dynamic loading of agents will be disallowed by default in a future release
]]></system-err>
  </testcase>
</testsuite>