<?xml version="1.0" encoding="UTF-8"?>
<testsuite xmlns:xsi="http://www.w3.org/2001/XMLSchema-instance" xsi:noNamespaceSchemaLocation="https://maven.apache.org/surefire/maven-surefire-plugin/xsd/surefire-test-report-3.0.xsd" version="3.0" name="com.contracttest.provider.ProviderApplicationTests" time="1.733" tests="1" errors="0" skipped="0" failures="0">
  <properties>
[...]
</properties>
  <testcase name="contextLoads" classname="com.contracttest.provider.ProviderApplicationTests" time="0.362">
    <system-out><![CDATA[11:10:23.807 [main] INFO org.springframework.test.context.support.AnnotationConfigContextLoaderUtils -- Could not detect default configuration classes for test class [com.contracttest.provider.ProviderApplicationTests]: ProviderApplicationTests does not declare any static, non-private, non-final, nested classes annotated with @Configuration.
11:10:23.879 [main] INFO org.springframework.boot.test.context.SpringBootTestContextBootstrapper -- Found @SpringBootConfiguration com.contracttest.provider.ProviderApplication for test class com.contracttest.provider.ProviderApplicationTests

  .   ____          _            __ _ _
 /\\ / ___'_ __ _ _(_)_ __  __ _ \ \ \ \
( ( )\___ | '_ | '_| | '_ \/ _` | \ \ \ \
 \\/  ___)| |_)| | | | | || (_| |  ) ) ) )
  '  |____| .__|_| |_|_| |_\__, | / / / /
 =========|_|==============|___/=/_/_/_/
 :: Spring Boot ::                (v3.2.5)

2026-03-16T11:10:24.142+05:30  INFO 6532 --- [provider-api] [           main] c.c.provider.ProviderApplicationTests    : Starting ProviderApplicationTests using Java 25.0.2 with PID 6532 (started by Druva.SKumar in C:\Projects\contract-testing-automation\provider-api)
2026-03-16T11:10:24.143+05:30 DEBUG 6532 --- [provider-api] [           main] c.c.provider.ProviderApplicationTests    : Running with Spring Boot v3.2.5, Spring v6.1.6
2026-03-16T11:10:24.143+05:30  INFO 6532 --- [provider-api] [           main] c.c.provider.ProviderApplicationTests    : No active profile set, falling back to 1 default profile: "default"
2026-03-16T11:10:25.089+05:30  INFO 6532 --- [provider-api] [           main] c.c.provider.ProviderApplicationTests    : Started ProviderApplicationTests in 1.128 seconds (process running for 1.726)
]]></system-out>
    <system-err><![CDATA[WARNING: A Java agent has been loaded dynamically (C:\Users\Druva.SKumar\.m2\repository\net\bytebuddy\byte-buddy-agent\1.14.13\byte-buddy-agent-1.14.13.jar)
WARNING: If a serviceability tool is in use, please run with -XX:+EnableDynamicAgentLoading to hide this warning
WARNING: If a serviceability tool is not in use, please run with -Djdk.instrument.traceUsage for more information
WARNING: Dynamic loading of agents will be disallowed by default in a future release
]]></system-err>
  </testcase>
</testsuite>